[debug] [2018-04-15T19:33:04.422Z] ----------------------------------------------------------------------
[debug] [2018-04-15T19:33:04.424Z] Command:       /Users/lbilde/.nvm/v8.9.4/bin/node /Users/lbilde/.nvm/v8.9.4/bin/firebase deploy --only functions
[debug] [2018-04-15T19:33:04.424Z] CLI Version:   3.18.4
[debug] [2018-04-15T19:33:04.424Z] Platform:      darwin
[debug] [2018-04-15T19:33:04.424Z] Node Version:  v8.9.4
[debug] [2018-04-15T19:33:04.425Z] Time:          Sun Apr 15 2018 21:33:04 GMT+0200 (CEST)
[debug] [2018-04-15T19:33:04.425Z] ----------------------------------------------------------------------
[debug] 
[debug] [2018-04-15T19:33:04.440Z] > command requires scopes: ["email","openid","https://www.googleapis.com/auth/cloudplatformprojects.readonly","https://www.googleapis.com/auth/firebase","https://www.googleapis.com/auth/cloud-platform"]
[debug] [2018-04-15T19:33:04.440Z] > authorizing via signed-in user
[debug] [2018-04-15T19:33:04.443Z] > refreshing access token with scopes: ["email","https://www.googleapis.com/auth/cloud-platform","https://www.googleapis.com/auth/cloudplatformprojects.readonly","https://www.googleapis.com/auth/firebase","openid"]
[debug] [2018-04-15T19:33:04.443Z] >>> HTTP REQUEST POST https://www.googleapis.com/oauth2/v3/token  
 { refresh_token: '1/e5Q4loA1P3qDbOZt02iJfL5P9OjvjgIgD4N2bexlWCc',
  client_id: '563584335869-fgrhgmd47bqnekij5i8b5pr03ho849e6.apps.googleusercontent.com',
  client_secret: 'j9iVZfS8kkCEFUPaAeJV0sAi',
  grant_type: 'refresh_token',
  scope: 'email https://www.googleapis.com/auth/cloud-platform https://www.googleapis.com/auth/cloudplatformprojects.readonly https://www.googleapis.com/auth/firebase openid' } 
 Sun Apr 15 2018 21:33:04 GMT+0200 (CEST)
[debug] [2018-04-15T19:33:04.636Z] <<< HTTP RESPONSE 200
[debug] [2018-04-15T19:33:04.658Z] >>> HTTP REQUEST GET https://admin.firebase.com/v1/projects/familysharingapp-a850d  
  
 Sun Apr 15 2018 21:33:04 GMT+0200 (CEST)
[debug] [2018-04-15T19:33:05.361Z] <<< HTTP RESPONSE 200
[debug] [2018-04-15T19:33:05.361Z] >>> HTTP REQUEST GET https://admin.firebase.com/v1/database/familysharingapp-a850d/tokens  
  
 Sun Apr 15 2018 21:33:05 GMT+0200 (CEST)
[debug] [2018-04-15T19:33:06.084Z] <<< HTTP RESPONSE 200
